<?xml version="1.0" encoding="UTF-8"?>
<!-- Generated by org.testng.reporters.JUnitXMLReporter -->
<testsuite hostname="DEL1-LTJFYNVP2" ignored="0" name="Free CRM App Test Cases" tests="12" failures="0" timestamp="20 Jul 2021 07:20:34 GMT" time="155.542" errors="0">
  <testcase name="loginPageTitleTest" time="0.015" classname="com.crm.qa.testcases.LoginPageTest"/>
  <testcase name="verifyHomePageTitleTest" time="0.011" classname="com.crm.qa.testcases.HomePageTest"/>
  <testcase name="verifyContactsLabelTest" time="0.029" classname="com.crm.qa.testcases.ContactsPageTest"/>
  <testcase name="classicUrlTest" time="2.854" classname="com.crm.qa.testcases.LoginPageTest"/>
  <testcase name="verifyUserNameTest" time="2.201" classname="com.crm.qa.testcases.HomePageTest"/>
  <testcase name="selectContactsTest" time="1.359" classname="com.crm.qa.testcases.ContactsPageTest"/>
  <testcase name="loginTest" time="2.871" classname="com.crm.qa.testcases.LoginPageTest"/>
  <testcase name="verifyContactsLinkTest" time="2.338" classname="com.crm.qa.testcases.HomePageTest"/>
  <testcase name="validateCreateNewContact" time="6.101" classname="com.crm.qa.testcases.ContactsPageTest"/>
  <testcase name="verifyDealsLinkTest" time="2.437" classname="com.crm.qa.testcases.HomePageTest"/>
  <testcase name="verifyTasksLinkTest" time="1.867" classname="com.crm.qa.testcases.HomePageTest"/>
  <testcase name="clickOnNewContactTest" time="6.451" classname="com.crm.qa.testcases.HomePageTest"/>
</testsuite> <!-- Free CRM App Test Cases -->
