<?xml version="1.0" encoding="UTF-8"?>
<!-- Generated by org.testng.reporters.JUnitXMLReporter -->
<testsuite hostname="DEL1-LTJFYNVP2" ignored="2" name="Default test" tests="1" failures="0" timestamp="05 Jul 2021 10:27:39 GMT" time="8.503" errors="0">
  <testcase name="loginTest" time="3.747" classname="com.crm.qa.testcases.LoginPageTest"/>
  <testcase name="loginPageTitleTest" time="0.0" classname="com.crm.qa.testcases.LoginPageTest">
    <ignored/>
  </testcase> <!-- loginPageTitleTest -->
  <testcase name="classicUrlTest" time="0.0" classname="com.crm.qa.testcases.LoginPageTest">
    <ignored/>
  </testcase> <!-- classicUrlTest -->
</testsuite> <!-- Default test -->
