<?xml version="1.0" encoding="UTF-8"?>
<!-- Generated by org.testng.reporters.JUnitXMLReporter -->
<testsuite hostname="DEL1-LTJFYNVP2" ignored="1" name="Command line test" tests="12" failures="0" timestamp="20 Jul 2021 07:24:11 GMT" time="158.532" errors="0">
  <testcase name="verifyContactsLabelTest" time="0.033" classname="com.crm.qa.testcases.ContactsPageTest"/>
  <testcase name="verifyHomePageTitleTest" time="0.013" classname="com.crm.qa.testcases.HomePageTest"/>
  <testcase name="loginPageTitleTest" time="0.008" classname="com.crm.qa.testcases.LoginPageTest"/>
  <testcase name="selectContactsTest" time="0.795" classname="com.crm.qa.testcases.ContactsPageTest"/>
  <testcase name="verifyUserNameTest" time="2.153" classname="com.crm.qa.testcases.HomePageTest"/>
  <testcase name="classicUrlTest" time="6.919" classname="com.crm.qa.testcases.LoginPageTest"/>
  <testcase name="validateCreateNewContact" time="6.471" classname="com.crm.qa.testcases.ContactsPageTest"/>
  <testcase name="verifyContactsLinkTest" time="2.015" classname="com.crm.qa.testcases.HomePageTest"/>
  <testcase name="loginTest" time="2.555" classname="com.crm.qa.testcases.LoginPageTest"/>
  <testcase name="verifyDealsLinkTest" time="2.065" classname="com.crm.qa.testcases.HomePageTest"/>
  <testcase name="verifyTasksLinkTest" time="2.037" classname="com.crm.qa.testcases.HomePageTest"/>
  <testcase name="clickOnNewContactTest" time="6.441" classname="com.crm.qa.testcases.HomePageTest"/>
  <testcase name="freeCrmTitleTest" time="0.0" classname="com.crm.qa.testcases.FreeCRMTest">
    <ignored/>
  </testcase> <!-- freeCrmTitleTest -->
</testsuite> <!-- Command line test -->
