<?xml version="1.0" encoding="UTF-8"?>
<testng-results skipped="0" failed="0" ignored="1" total="13" passed="12">
  <reporter-output>
  </reporter-output>
  <suite name="Command line suite" duration-ms="158532" started-at="2021-07-20T07:21:32Z" finished-at="2021-07-20T07:24:11Z">
    <groups>
    </groups>
    <test name="Command line test" duration-ms="158532" started-at="2021-07-20T07:21:32Z" finished-at="2021-07-20T07:24:11Z">
      <class name="com.crm.qa.testcases.HomePageTest">
        <test-method status="PASS" signature="setUp()[pri:0, instance:com.crm.qa.testcases.HomePageTest@3cbbc1e0]" name="setUp" is-config="true" duration-ms="7009" started-at="2021-07-20T12:51:53Z" finished-at="2021-07-20T12:52:00Z">
          <reporter-output>
          </reporter-output>
        </test-method> <!-- setUp -->
        <test-method status="PASS" signature="verifyHomePageTitleTest()[pri:1, instance:com.crm.qa.testcases.HomePageTest@3cbbc1e0]" name="verifyHomePageTitleTest" duration-ms="13" started-at="2021-07-20T12:52:00Z" finished-at="2021-07-20T12:52:00Z">
          <reporter-output>
          </reporter-output>
        </test-method> <!-- verifyHomePageTitleTest -->
        <test-method status="PASS" signature="tearDown()[pri:0, instance:com.crm.qa.testcases.HomePageTest@3cbbc1e0]" name="tearDown" is-config="true" duration-ms="1580" started-at="2021-07-20T12:52:00Z" finished-at="2021-07-20T12:52:01Z">
          <reporter-output>
          </reporter-output>
        </test-method> <!-- tearDown -->
        <test-method status="PASS" signature="setUp()[pri:0, instance:com.crm.qa.testcases.HomePageTest@3cbbc1e0]" name="setUp" is-config="true" duration-ms="6847" started-at="2021-07-20T12:52:27Z" finished-at="2021-07-20T12:52:34Z">
          <reporter-output>
          </reporter-output>
        </test-method> <!-- setUp -->
        <test-method status="PASS" signature="verifyUserNameTest()[pri:2, instance:com.crm.qa.testcases.HomePageTest@3cbbc1e0]" name="verifyUserNameTest" duration-ms="2153" started-at="2021-07-20T12:52:34Z" finished-at="2021-07-20T12:52:36Z">
          <reporter-output>
          </reporter-output>
        </test-method> <!-- verifyUserNameTest -->
        <test-method status="PASS" signature="tearDown()[pri:0, instance:com.crm.qa.testcases.HomePageTest@3cbbc1e0]" name="tearDown" is-config="true" duration-ms="1568" started-at="2021-07-20T12:52:36Z" finished-at="2021-07-20T12:52:37Z">
          <reporter-output>
          </reporter-output>
        </test-method> <!-- tearDown -->
        <test-method status="PASS" signature="setUp()[pri:0, instance:com.crm.qa.testcases.HomePageTest@3cbbc1e0]" name="setUp" is-config="true" duration-ms="6724" started-at="2021-07-20T12:53:16Z" finished-at="2021-07-20T12:53:23Z">
          <reporter-output>
          </reporter-output>
        </test-method> <!-- setUp -->
        <test-method status="PASS" signature="verifyContactsLinkTest()[pri:3, instance:com.crm.qa.testcases.HomePageTest@3cbbc1e0]" name="verifyContactsLinkTest" duration-ms="2015" started-at="2021-07-20T12:53:23Z" finished-at="2021-07-20T12:53:25Z">
          <reporter-output>
          </reporter-output>
        </test-method> <!-- verifyContactsLinkTest -->
        <test-method status="PASS" signature="tearDown()[pri:0, instance:com.crm.qa.testcases.HomePageTest@3cbbc1e0]" name="tearDown" is-config="true" duration-ms="1532" started-at="2021-07-20T12:53:25Z" finished-at="2021-07-20T12:53:27Z">
          <reporter-output>
          </reporter-output>
        </test-method> <!-- tearDown -->
        <test-method status="PASS" signature="setUp()[pri:0, instance:com.crm.qa.testcases.HomePageTest@3cbbc1e0]" name="setUp" is-config="true" duration-ms="7085" started-at="2021-07-20T12:53:35Z" finished-at="2021-07-20T12:53:42Z">
          <reporter-output>
          </reporter-output>
        </test-method> <!-- setUp -->
        <test-method status="PASS" signature="verifyDealsLinkTest()[pri:4, instance:com.crm.qa.testcases.HomePageTest@3cbbc1e0]" name="verifyDealsLinkTest" duration-ms="2065" started-at="2021-07-20T12:53:42Z" finished-at="2021-07-20T12:53:44Z">
          <reporter-output>
          </reporter-output>
        </test-method> <!-- verifyDealsLinkTest -->
        <test-method status="PASS" signature="tearDown()[pri:0, instance:com.crm.qa.testcases.HomePageTest@3cbbc1e0]" name="tearDown" is-config="true" duration-ms="1564" started-at="2021-07-20T12:53:44Z" finished-at="2021-07-20T12:53:46Z">
          <reporter-output>
          </reporter-output>
        </test-method> <!-- tearDown -->
        <test-method status="PASS" signature="setUp()[pri:0, instance:com.crm.qa.testcases.HomePageTest@3cbbc1e0]" name="setUp" is-config="true" duration-ms="6423" started-at="2021-07-20T12:53:46Z" finished-at="2021-07-20T12:53:52Z">
          <reporter-output>
          </reporter-output>
        </test-method> <!-- setUp -->
        <test-method status="PASS" signature="verifyTasksLinkTest()[pri:5, instance:com.crm.qa.testcases.HomePageTest@3cbbc1e0]" name="verifyTasksLinkTest" duration-ms="2037" started-at="2021-07-20T12:53:52Z" finished-at="2021-07-20T12:53:54Z">
          <reporter-output>
          </reporter-output>
        </test-method> <!-- verifyTasksLinkTest -->
        <test-method status="PASS" signature="tearDown()[pri:0, instance:com.crm.qa.testcases.HomePageTest@3cbbc1e0]" name="tearDown" is-config="true" duration-ms="1534" started-at="2021-07-20T12:53:54Z" finished-at="2021-07-20T12:53:56Z">
          <reporter-output>
          </reporter-output>
        </test-method> <!-- tearDown -->
        <test-method status="PASS" signature="setUp()[pri:0, instance:com.crm.qa.testcases.HomePageTest@3cbbc1e0]" name="setUp" is-config="true" duration-ms="6638" started-at="2021-07-20T12:53:56Z" finished-at="2021-07-20T12:54:03Z">
          <reporter-output>
          </reporter-output>
        </test-method> <!-- setUp -->
        <test-method status="PASS" signature="clickOnNewContactTest()[pri:6, instance:com.crm.qa.testcases.HomePageTest@3cbbc1e0]" name="clickOnNewContactTest" duration-ms="6441" started-at="2021-07-20T12:54:03Z" finished-at="2021-07-20T12:54:09Z">
          <reporter-output>
          </reporter-output>
        </test-method> <!-- clickOnNewContactTest -->
        <test-method status="PASS" signature="tearDown()[pri:0, instance:com.crm.qa.testcases.HomePageTest@3cbbc1e0]" name="tearDown" is-config="true" duration-ms="1825" started-at="2021-07-20T12:54:09Z" finished-at="2021-07-20T12:54:11Z">
          <reporter-output>
          </reporter-output>
        </test-method> <!-- tearDown -->
      </class> <!-- com.crm.qa.testcases.HomePageTest -->
      <class name="com.crm.qa.testcases.ContactsPageTest">
        <test-method status="PASS" signature="setUp()[pri:0, instance:com.crm.qa.testcases.ContactsPageTest@6df97b55]" name="setUp" is-config="true" duration-ms="18715" started-at="2021-07-20T12:51:32Z" finished-at="2021-07-20T12:51:51Z">
          <reporter-output>
          </reporter-output>
        </test-method> <!-- setUp -->
        <test-method status="PASS" signature="verifyContactsLabelTest()[pri:1, instance:com.crm.qa.testcases.ContactsPageTest@6df97b55]" name="verifyContactsLabelTest" duration-ms="33" started-at="2021-07-20T12:51:51Z" finished-at="2021-07-20T12:51:51Z">
          <reporter-output>
          </reporter-output>
        </test-method> <!-- verifyContactsLabelTest -->
        <test-method status="PASS" signature="tearDown()[pri:0, instance:com.crm.qa.testcases.ContactsPageTest@6df97b55]" name="tearDown" is-config="true" duration-ms="1545" started-at="2021-07-20T12:51:51Z" finished-at="2021-07-20T12:51:53Z">
          <reporter-output>
          </reporter-output>
        </test-method> <!-- tearDown -->
        <test-method status="PASS" signature="setUp()[pri:0, instance:com.crm.qa.testcases.ContactsPageTest@6df97b55]" name="setUp" is-config="true" duration-ms="17332" started-at="2021-07-20T12:52:07Z" finished-at="2021-07-20T12:52:25Z">
          <reporter-output>
          </reporter-output>
        </test-method> <!-- setUp -->
        <test-method status="PASS" signature="selectContactsTest()[pri:2, instance:com.crm.qa.testcases.ContactsPageTest@6df97b55]" name="selectContactsTest" duration-ms="795" started-at="2021-07-20T12:52:25Z" finished-at="2021-07-20T12:52:25Z">
          <reporter-output>
          </reporter-output>
        </test-method> <!-- selectContactsTest -->
        <test-method status="PASS" signature="tearDown()[pri:0, instance:com.crm.qa.testcases.ContactsPageTest@6df97b55]" name="tearDown" is-config="true" duration-ms="1559" started-at="2021-07-20T12:52:25Z" finished-at="2021-07-20T12:52:27Z">
          <reporter-output>
          </reporter-output>
        </test-method> <!-- tearDown -->
        <test-method status="PASS" signature="setUp()[pri:0, instance:com.crm.qa.testcases.ContactsPageTest@6df97b55]" name="setUp" is-config="true" duration-ms="17600" started-at="2021-07-20T12:52:51Z" finished-at="2021-07-20T12:53:08Z">
          <reporter-output>
          </reporter-output>
        </test-method> <!-- setUp -->
        <test-method status="PASS" signature="validateCreateNewContact(java.lang.String, java.lang.String)[pri:3, instance:com.crm.qa.testcases.ContactsPageTest@6df97b55]" name="validateCreateNewContact" duration-ms="6471" started-at="2021-07-20T12:53:08Z" data-provider="getCRMTestData" finished-at="2021-07-20T12:53:15Z">
          <params>
            <param index="0">
              <value>
                <![CDATA[test1]]>
              </value>
            </param>
            <param index="1">
              <value>
                <![CDATA[test1]]>
              </value>
            </param>
          </params>
          <reporter-output>
          </reporter-output>
        </test-method> <!-- validateCreateNewContact -->
        <test-method status="PASS" signature="tearDown()[pri:0, instance:com.crm.qa.testcases.ContactsPageTest@6df97b55]" name="tearDown" is-config="true" duration-ms="1540" started-at="2021-07-20T12:53:15Z" finished-at="2021-07-20T12:53:16Z">
          <reporter-output>
          </reporter-output>
        </test-method> <!-- tearDown -->
      </class> <!-- com.crm.qa.testcases.ContactsPageTest -->
      <class name="com.crm.qa.testcases.LoginPageTest">
        <test-method status="PASS" signature="setUp()[pri:0, instance:com.crm.qa.testcases.LoginPageTest@35fb3008]" name="setUp" is-config="true" duration-ms="4501" started-at="2021-07-20T12:52:01Z" finished-at="2021-07-20T12:52:06Z">
          <reporter-output>
          </reporter-output>
        </test-method> <!-- setUp -->
        <test-method status="PASS" signature="loginPageTitleTest()[pri:1, instance:com.crm.qa.testcases.LoginPageTest@35fb3008]" name="loginPageTitleTest" duration-ms="8" started-at="2021-07-20T12:52:06Z" finished-at="2021-07-20T12:52:06Z">
          <reporter-output>
          </reporter-output>
        </test-method> <!-- loginPageTitleTest -->
        <test-method status="PASS" signature="tearDown()[pri:0, instance:com.crm.qa.testcases.LoginPageTest@35fb3008]" name="tearDown" is-config="true" duration-ms="1397" started-at="2021-07-20T12:52:06Z" finished-at="2021-07-20T12:52:07Z">
          <reporter-output>
          </reporter-output>
        </test-method> <!-- tearDown -->
        <test-method status="PASS" signature="setUp()[pri:0, instance:com.crm.qa.testcases.LoginPageTest@35fb3008]" name="setUp" is-config="true" duration-ms="4327" started-at="2021-07-20T12:52:37Z" finished-at="2021-07-20T12:52:42Z">
          <reporter-output>
          </reporter-output>
        </test-method> <!-- setUp -->
        <test-method status="PASS" signature="classicUrlTest()[pri:2, instance:com.crm.qa.testcases.LoginPageTest@35fb3008]" name="classicUrlTest" duration-ms="6919" started-at="2021-07-20T12:52:42Z" finished-at="2021-07-20T12:52:49Z">
          <reporter-output>
          </reporter-output>
        </test-method> <!-- classicUrlTest -->
        <test-method status="PASS" signature="tearDown()[pri:0, instance:com.crm.qa.testcases.LoginPageTest@35fb3008]" name="tearDown" is-config="true" duration-ms="1430" started-at="2021-07-20T12:52:49Z" finished-at="2021-07-20T12:52:50Z">
          <reporter-output>
          </reporter-output>
        </test-method> <!-- tearDown -->
        <test-method status="PASS" signature="setUp()[pri:0, instance:com.crm.qa.testcases.LoginPageTest@35fb3008]" name="setUp" is-config="true" duration-ms="4672" started-at="2021-07-20T12:53:27Z" finished-at="2021-07-20T12:53:31Z">
          <reporter-output>
          </reporter-output>
        </test-method> <!-- setUp -->
        <test-method status="PASS" signature="loginTest()[pri:3, instance:com.crm.qa.testcases.LoginPageTest@35fb3008]" name="loginTest" duration-ms="2555" started-at="2021-07-20T12:53:31Z" finished-at="2021-07-20T12:53:34Z">
          <reporter-output>
          </reporter-output>
        </test-method> <!-- loginTest -->
        <test-method status="PASS" signature="tearDown()[pri:0, instance:com.crm.qa.testcases.LoginPageTest@35fb3008]" name="tearDown" is-config="true" duration-ms="1542" started-at="2021-07-20T12:53:34Z" finished-at="2021-07-20T12:53:35Z">
          <reporter-output>
          </reporter-output>
        </test-method> <!-- tearDown -->
      </class> <!-- com.crm.qa.testcases.LoginPageTest -->
    </test> <!-- Command line test -->
  </suite> <!-- Command line suite -->
</testng-results>
