<?xml version="1.0" encoding="UTF-8"?>
<testng-results skipped="0" failed="0" ignored="2" total="3" passed="1">
  <reporter-output>
  </reporter-output>
  <suite name="Default suite" duration-ms="30362" started-at="2021-06-15T12:34:47Z" finished-at="2021-06-15T12:35:17Z">
    <groups>
    </groups>
    <test name="Default test" duration-ms="30362" started-at="2021-06-15T12:34:47Z" finished-at="2021-06-15T12:35:17Z">
      <class name="com.crm.qa.testcases.ContactsPageTest">
        <test-method status="PASS" signature="setUp()[pri:0, instance:com.crm.qa.testcases.ContactsPageTest@48aaecc3]" name="setUp" is-config="true" duration-ms="28780" started-at="2021-06-15T18:04:47Z" finished-at="2021-06-15T18:05:15Z">
          <reporter-output>
          </reporter-output>
        </test-method> <!-- setUp -->
        <test-method status="PASS" signature="verifyContactsLabelTest()[pri:1, instance:com.crm.qa.testcases.ContactsPageTest@48aaecc3]" name="verifyContactsLabelTest" duration-ms="32" started-at="2021-06-15T18:05:15Z" finished-at="2021-06-15T18:05:15Z">
          <reporter-output>
          </reporter-output>
        </test-method> <!-- verifyContactsLabelTest -->
        <test-method status="PASS" signature="tearDown()[pri:0, instance:com.crm.qa.testcases.ContactsPageTest@48aaecc3]" name="tearDown" is-config="true" duration-ms="1533" started-at="2021-06-15T18:05:15Z" finished-at="2021-06-15T18:05:17Z">
          <reporter-output>
          </reporter-output>
        </test-method> <!-- tearDown -->
      </class> <!-- com.crm.qa.testcases.ContactsPageTest -->
    </test> <!-- Default test -->
  </suite> <!-- Default suite -->
</testng-results>
